[0.240s] DEBUG:colcon:Command line arguments: ['/usr/bin/colcon', 'build', '--symlink-install', '--packages-select', 'class_test_interfaces']
[0.240s] DEBUG:colcon:Parsed command line arguments: Namespace(allow_overriding=[], ament_cmake_args=None, base_paths=['.'], build_base='build', catkin_cmake_args=None, catkin_skip_building_tests=False, cmake_args=None, cmake_clean_cache=False, cmake_clean_first=False, cmake_force_configure=False, cmake_target=None, cmake_target_skip_unavailable=False, continue_on_error=False, event_handlers=None, executor='parallel', ignore_user_meta=False, install_base='install', log_base=None, log_level=None, main=<bound method BuildVerb.main of <colcon_core.verb.build.BuildVerb object at 0x7f63d7c24c10>>, merge_install=False, metas=['./colcon.meta'], packages_above=None, packages_above_and_dependencies=None, packages_above_depth=None, packages_end=None, packages_ignore=None, packages_ignore_regex=None, packages_select=['class_test_interfaces'], packages_select_build_failed=False, packages_select_by_dep=None, packages_select_regex=None, packages_select_test_failures=False, packages_skip=None, packages_skip_build_finished=False, packages_skip_by_dep=None, packages_skip_regex=None, packages_skip_test_passed=False, packages_skip_up_to=None, packages_start=None, packages_up_to=None, packages_up_to_regex=None, parallel_workers=2, paths=None, symlink_install=True, test_result_base=None, verb_extension=<colcon_core.verb.build.BuildVerb object at 0x7f63d7c24c10>, verb_name='build', verb_parser=<colcon_defaults.argument_parser.defaults.DefaultArgumentsDecorator object at 0x7f63d7c2f1c0>)
[0.275s] Level 1:colcon.colcon_core.package_discovery:discover_packages(colcon_meta) check parameters
[0.275s] Level 1:colcon.colcon_core.package_discovery:discover_packages(recursive) check parameters
[0.275s] Level 1:colcon.colcon_core.package_discovery:discover_packages(ignore) check parameters
[0.275s] Level 1:colcon.colcon_core.package_discovery:discover_packages(path) check parameters
[0.275s] Level 1:colcon.colcon_core.package_discovery:discover_packages(colcon_meta) discover
[0.276s] Level 1:colcon.colcon_core.package_discovery:discover_packages(recursive) discover
[0.276s] INFO:colcon.colcon_core.package_discovery:Crawling recursively for packages in '/home/yy/robot_ws/src'
[0.276s] Level 1:colcon.colcon_core.package_identification:_identify(.) by extensions ['ignore', 'ignore_ament_install']
[0.276s] Level 1:colcon.colcon_core.package_identification:_identify(.) by extension 'ignore'
[0.276s] Level 1:colcon.colcon_core.package_identification:_identify(.) by extension 'ignore_ament_install'
[0.276s] Level 1:colcon.colcon_core.package_identification:_identify(.) by extensions ['colcon_pkg']
[0.276s] Level 1:colcon.colcon_core.package_identification:_identify(.) by extension 'colcon_pkg'
[0.277s] Level 1:colcon.colcon_core.package_identification:_identify(.) by extensions ['colcon_meta']
[0.277s] Level 1:colcon.colcon_core.package_identification:_identify(.) by extension 'colcon_meta'
[0.277s] Level 1:colcon.colcon_core.package_identification:_identify(.) by extensions ['ros']
[0.277s] Level 1:colcon.colcon_core.package_identification:_identify(.) by extension 'ros'
[0.299s] Level 1:colcon.colcon_core.package_identification:_identify(.) by extensions ['cmake', 'python']
[0.299s] Level 1:colcon.colcon_core.package_identification:_identify(.) by extension 'cmake'
[0.299s] Level 1:colcon.colcon_core.package_identification:_identify(.) by extension 'python'
[0.299s] Level 1:colcon.colcon_core.package_identification:_identify(.) by extensions ['python_setup_py']
[0.299s] Level 1:colcon.colcon_core.package_identification:_identify(.) by extension 'python_setup_py'
[0.299s] Level 1:colcon.colcon_core.package_identification:_identify(build) by extensions ['ignore', 'ignore_ament_install']
[0.300s] Level 1:colcon.colcon_core.package_identification:_identify(build) by extension 'ignore'
[0.300s] Level 1:colcon.colcon_core.package_identification:_identify(build) ignored
[0.300s] Level 1:colcon.colcon_core.package_identification:_identify(class_test_interfaces) by extensions ['ignore', 'ignore_ament_install']
[0.300s] Level 1:colcon.colcon_core.package_identification:_identify(class_test_interfaces) by extension 'ignore'
[0.300s] Level 1:colcon.colcon_core.package_identification:_identify(class_test_interfaces) by extension 'ignore_ament_install'
[0.300s] Level 1:colcon.colcon_core.package_identification:_identify(class_test_interfaces) by extensions ['colcon_pkg']
[0.300s] Level 1:colcon.colcon_core.package_identification:_identify(class_test_interfaces) by extension 'colcon_pkg'
[0.301s] Level 1:colcon.colcon_core.package_identification:_identify(class_test_interfaces) by extensions ['colcon_meta']
[0.301s] Level 1:colcon.colcon_core.package_identification:_identify(class_test_interfaces) by extension 'colcon_meta'
[0.301s] Level 1:colcon.colcon_core.package_identification:_identify(class_test_interfaces) by extensions ['ros']
[0.301s] Level 1:colcon.colcon_core.package_identification:_identify(class_test_interfaces) by extension 'ros'
[0.304s] DEBUG:colcon.colcon_core.package_identification:Package 'class_test_interfaces' with type 'ros.ament_cmake' and name 'class_test_interfaces'
[0.304s] Level 1:colcon.colcon_core.package_identification:_identify(install) by extensions ['ignore', 'ignore_ament_install']
[0.304s] Level 1:colcon.colcon_core.package_identification:_identify(install) by extension 'ignore'
[0.304s] Level 1:colcon.colcon_core.package_identification:_identify(install) ignored
[0.305s] Level 1:colcon.colcon_core.package_identification:_identify(log) by extensions ['ignore', 'ignore_ament_install']
[0.305s] Level 1:colcon.colcon_core.package_identification:_identify(log) by extension 'ignore'
[0.305s] Level 1:colcon.colcon_core.package_identification:_identify(log) ignored
[0.305s] Level 1:colcon.colcon_core.package_identification:_identify(m_pubsub) by extensions ['ignore', 'ignore_ament_install']
[0.305s] Level 1:colcon.colcon_core.package_identification:_identify(m_pubsub) by extension 'ignore'
[0.305s] Level 1:colcon.colcon_core.package_identification:_identify(m_pubsub) by extension 'ignore_ament_install'
[0.306s] Level 1:colcon.colcon_core.package_identification:_identify(m_pubsub) by extensions ['colcon_pkg']
[0.306s] Level 1:colcon.colcon_core.package_identification:_identify(m_pubsub) by extension 'colcon_pkg'
[0.306s] Level 1:colcon.colcon_core.package_identification:_identify(m_pubsub) by extensions ['colcon_meta']
[0.306s] Level 1:colcon.colcon_core.package_identification:_identify(m_pubsub) by extension 'colcon_meta'
[0.306s] Level 1:colcon.colcon_core.package_identification:_identify(m_pubsub) by extensions ['ros']
[0.306s] Level 1:colcon.colcon_core.package_identification:_identify(m_pubsub) by extension 'ros'
[0.307s] DEBUG:colcon.colcon_core.package_identification:Package 'm_pubsub' with type 'ros.ament_python' and name 'm_pubsub'
[0.307s] Level 1:colcon.colcon_core.package_identification:_identify(move_turtle_pkg) by extensions ['ignore', 'ignore_ament_install']
[0.307s] Level 1:colcon.colcon_core.package_identification:_identify(move_turtle_pkg) by extension 'ignore'
[0.307s] Level 1:colcon.colcon_core.package_identification:_identify(move_turtle_pkg) by extension 'ignore_ament_install'
[0.307s] Level 1:colcon.colcon_core.package_identification:_identify(move_turtle_pkg) by extensions ['colcon_pkg']
[0.307s] Level 1:colcon.colcon_core.package_identification:_identify(move_turtle_pkg) by extension 'colcon_pkg'
[0.307s] Level 1:colcon.colcon_core.package_identification:_identify(move_turtle_pkg) by extensions ['colcon_meta']
[0.308s] Level 1:colcon.colcon_core.package_identification:_identify(move_turtle_pkg) by extension 'colcon_meta'
[0.308s] Level 1:colcon.colcon_core.package_identification:_identify(move_turtle_pkg) by extensions ['ros']
[0.308s] Level 1:colcon.colcon_core.package_identification:_identify(move_turtle_pkg) by extension 'ros'
[0.308s] DEBUG:colcon.colcon_core.package_identification:Package 'move_turtle_pkg' with type 'ros.ament_python' and name 'move_turtle_pkg'
[0.308s] Level 1:colcon.colcon_core.package_identification:_identify(test_num) by extensions ['ignore', 'ignore_ament_install']
[0.309s] Level 1:colcon.colcon_core.package_identification:_identify(test_num) by extension 'ignore'
[0.309s] Level 1:colcon.colcon_core.package_identification:_identify(test_num) by extension 'ignore_ament_install'
[0.309s] Level 1:colcon.colcon_core.package_identification:_identify(test_num) by extensions ['colcon_pkg']
[0.309s] Level 1:colcon.colcon_core.package_identification:_identify(test_num) by extension 'colcon_pkg'
[0.309s] Level 1:colcon.colcon_core.package_identification:_identify(test_num) by extensions ['colcon_meta']
[0.309s] Level 1:colcon.colcon_core.package_identification:_identify(test_num) by extension 'colcon_meta'
[0.309s] Level 1:colcon.colcon_core.package_identification:_identify(test_num) by extensions ['ros']
[0.309s] Level 1:colcon.colcon_core.package_identification:_identify(test_num) by extension 'ros'
[0.310s] DEBUG:colcon.colcon_core.package_identification:Package 'test_num' with type 'ros.ament_python' and name 'test_num'
[0.310s] Level 1:colcon.colcon_core.package_discovery:discover_packages(recursive) using defaults
[0.310s] Level 1:colcon.colcon_core.package_discovery:discover_packages(ignore) discover
[0.310s] Level 1:colcon.colcon_core.package_discovery:discover_packages(ignore) using defaults
[0.310s] Level 1:colcon.colcon_core.package_discovery:discover_packages(path) discover
[0.310s] Level 1:colcon.colcon_core.package_discovery:discover_packages(path) using defaults
[0.342s] INFO:colcon.colcon_core.package_selection:Skipping not selected package 'm_pubsub' in 'm_pubsub'
[0.342s] INFO:colcon.colcon_core.package_selection:Skipping not selected package 'move_turtle_pkg' in 'move_turtle_pkg'
[0.342s] INFO:colcon.colcon_core.package_selection:Skipping not selected package 'test_num' in 'test_num'
[0.343s] Level 1:colcon.colcon_core.package_discovery:discover_packages(prefix_path) check parameters
[0.344s] Level 1:colcon.colcon_core.package_discovery:discover_packages(prefix_path) discover
[0.348s] DEBUG:colcon.colcon_installed_package_information.package_discovery:Found 4 installed packages in /home/yy/robot_ws/install
[0.353s] DEBUG:colcon.colcon_installed_package_information.package_discovery:Found 258 installed packages in /opt/ros/foxy
[0.356s] Level 1:colcon.colcon_core.package_discovery:discover_packages(prefix_path) using defaults
[0.452s] Level 5:colcon.colcon_core.verb:set package 'class_test_interfaces' build argument 'cmake_args' from command line to 'None'
[0.453s] Level 5:colcon.colcon_core.verb:set package 'class_test_interfaces' build argument 'cmake_target' from command line to 'None'
[0.453s] Level 5:colcon.colcon_core.verb:set package 'class_test_interfaces' build argument 'cmake_target_skip_unavailable' from command line to 'False'
[0.453s] Level 5:colcon.colcon_core.verb:set package 'class_test_interfaces' build argument 'cmake_clean_cache' from command line to 'False'
[0.453s] Level 5:colcon.colcon_core.verb:set package 'class_test_interfaces' build argument 'cmake_clean_first' from command line to 'False'
[0.453s] Level 5:colcon.colcon_core.verb:set package 'class_test_interfaces' build argument 'cmake_force_configure' from command line to 'False'
[0.453s] Level 5:colcon.colcon_core.verb:set package 'class_test_interfaces' build argument 'ament_cmake_args' from command line to 'None'
[0.453s] Level 5:colcon.colcon_core.verb:set package 'class_test_interfaces' build argument 'catkin_cmake_args' from command line to 'None'
[0.453s] Level 5:colcon.colcon_core.verb:set package 'class_test_interfaces' build argument 'catkin_skip_building_tests' from command line to 'False'
[0.453s] DEBUG:colcon.colcon_core.verb:Building package 'class_test_interfaces' with the following arguments: {'ament_cmake_args': None, 'build_base': '/home/yy/robot_ws/src/build/class_test_interfaces', 'catkin_cmake_args': None, 'catkin_skip_building_tests': False, 'cmake_args': None, 'cmake_clean_cache': False, 'cmake_clean_first': False, 'cmake_force_configure': False, 'cmake_target': None, 'cmake_target_skip_unavailable': False, 'install_base': '/home/yy/robot_ws/src/install/class_test_interfaces', 'merge_install': False, 'path': '/home/yy/robot_ws/src/class_test_interfaces', 'symlink_install': True, 'test_result_base': None}
[0.455s] INFO:colcon.colcon_core.executor:Executing jobs using 'parallel' executor
[0.465s] DEBUG:colcon.colcon_parallel_executor.executor.parallel:run_until_complete
[0.466s] INFO:colcon.colcon_ros.task.ament_cmake.build:Building ROS package in '/home/yy/robot_ws/src/class_test_interfaces' with build type 'ament_cmake'
[0.466s] INFO:colcon.colcon_cmake.task.cmake.build:Building CMake package in '/home/yy/robot_ws/src/class_test_interfaces'
[0.473s] INFO:colcon.colcon_core.plugin_system:Skipping extension 'colcon_core.shell.bat': Not used on non-Windows systems
[0.474s] INFO:colcon.colcon_core.shell:Skip shell extension 'powershell' for command environment: Not usable outside of PowerShell
[0.474s] DEBUG:colcon.colcon_core.shell:Skip shell extension 'dsv' for command environment
[0.494s] DEBUG:colcon.colcon_core.event_handler.log_command:Invoking command in '/home/yy/robot_ws/src/build/class_test_interfaces': CMAKE_PREFIX_PATH=${CMAKE_PREFIX_PATH}:/home/yy/robot_ws/install/test_num:/home/yy/robot_ws/install/move_turtle_pkg:/home/yy/robot_ws/install/m_pubsub:/opt/ros/foxy /usr/bin/cmake --build /home/yy/robot_ws/src/build/class_test_interfaces -- -j2 -l2
[1.047s] DEBUG:colcon.colcon_core.event_handler.log_command:Invoked command in '/home/yy/robot_ws/src/build/class_test_interfaces' returned '0': CMAKE_PREFIX_PATH=${CMAKE_PREFIX_PATH}:/home/yy/robot_ws/install/test_num:/home/yy/robot_ws/install/move_turtle_pkg:/home/yy/robot_ws/install/m_pubsub:/opt/ros/foxy /usr/bin/cmake --build /home/yy/robot_ws/src/build/class_test_interfaces -- -j2 -l2
[1.218s] DEBUG:colcon.colcon_core.event_handler.log_command:Invoking command in '/home/yy/robot_ws/src/build/class_test_interfaces': CMAKE_PREFIX_PATH=${CMAKE_PREFIX_PATH}:/home/yy/robot_ws/install/test_num:/home/yy/robot_ws/install/move_turtle_pkg:/home/yy/robot_ws/install/m_pubsub:/opt/ros/foxy /usr/bin/cmake --install /home/yy/robot_ws/src/build/class_test_interfaces
[1.377s] Level 1:colcon.colcon_core.environment:create_environment_scripts_only(class_test_interfaces)
[1.390s] DEBUG:colcon.colcon_core.event_handler.log_command:Invoked command in '/home/yy/robot_ws/src/build/class_test_interfaces' returned '0': CMAKE_PREFIX_PATH=${CMAKE_PREFIX_PATH}:/home/yy/robot_ws/install/test_num:/home/yy/robot_ws/install/move_turtle_pkg:/home/yy/robot_ws/install/m_pubsub:/opt/ros/foxy /usr/bin/cmake --install /home/yy/robot_ws/src/build/class_test_interfaces
[1.392s] Level 1:colcon.colcon_core.environment:checking '/home/yy/robot_ws/src/install/class_test_interfaces' for CMake module files
[1.393s] Level 1:colcon.colcon_core.environment:checking '/home/yy/robot_ws/src/install/class_test_interfaces' for CMake config files
[1.394s] Level 1:colcon.colcon_core.shell:create_environment_hook('class_test_interfaces', 'cmake_prefix_path')
[1.398s] INFO:colcon.colcon_core.shell:Creating environment hook '/home/yy/robot_ws/src/install/class_test_interfaces/share/class_test_interfaces/hook/cmake_prefix_path.ps1'
[1.399s] INFO:colcon.colcon_core.shell:Creating environment descriptor '/home/yy/robot_ws/src/install/class_test_interfaces/share/class_test_interfaces/hook/cmake_prefix_path.dsv'
[1.400s] INFO:colcon.colcon_core.shell:Creating environment hook '/home/yy/robot_ws/src/install/class_test_interfaces/share/class_test_interfaces/hook/cmake_prefix_path.sh'
[1.401s] Level 1:colcon.colcon_core.environment:checking '/home/yy/robot_ws/src/install/class_test_interfaces/lib'
[1.402s] Level 1:colcon.colcon_core.shell:create_environment_hook('class_test_interfaces', 'ld_library_path_lib')
[1.405s] INFO:colcon.colcon_core.shell:Creating environment hook '/home/yy/robot_ws/src/install/class_test_interfaces/share/class_test_interfaces/hook/ld_library_path_lib.ps1'
[1.406s] INFO:colcon.colcon_core.shell:Creating environment descriptor '/home/yy/robot_ws/src/install/class_test_interfaces/share/class_test_interfaces/hook/ld_library_path_lib.dsv'
[1.407s] INFO:colcon.colcon_core.shell:Creating environment hook '/home/yy/robot_ws/src/install/class_test_interfaces/share/class_test_interfaces/hook/ld_library_path_lib.sh'
[1.409s] Level 1:colcon.colcon_core.environment:checking '/home/yy/robot_ws/src/install/class_test_interfaces/bin'
[1.409s] Level 1:colcon.colcon_core.environment:checking '/home/yy/robot_ws/src/install/class_test_interfaces/lib/pkgconfig/class_test_interfaces.pc'
[1.409s] Level 1:colcon.colcon_core.environment:checking '/home/yy/robot_ws/src/install/class_test_interfaces/lib/python3.8/site-packages'
[1.410s] Level 1:colcon.colcon_core.shell:create_environment_hook('class_test_interfaces', 'pythonpath')
[1.414s] INFO:colcon.colcon_core.shell:Creating environment hook '/home/yy/robot_ws/src/install/class_test_interfaces/share/class_test_interfaces/hook/pythonpath.ps1'
[1.415s] INFO:colcon.colcon_core.shell:Creating environment descriptor '/home/yy/robot_ws/src/install/class_test_interfaces/share/class_test_interfaces/hook/pythonpath.dsv'
[1.415s] INFO:colcon.colcon_core.shell:Creating environment hook '/home/yy/robot_ws/src/install/class_test_interfaces/share/class_test_interfaces/hook/pythonpath.sh'
[1.416s] Level 1:colcon.colcon_core.environment:checking '/home/yy/robot_ws/src/install/class_test_interfaces/bin'
[1.420s] INFO:colcon.colcon_core.shell:Creating package script '/home/yy/robot_ws/src/install/class_test_interfaces/share/class_test_interfaces/package.ps1'
[1.421s] INFO:colcon.colcon_core.shell:Creating package descriptor '/home/yy/robot_ws/src/install/class_test_interfaces/share/class_test_interfaces/package.dsv'
[1.422s] INFO:colcon.colcon_core.shell:Creating package script '/home/yy/robot_ws/src/install/class_test_interfaces/share/class_test_interfaces/package.sh'
[1.423s] INFO:colcon.colcon_core.shell:Creating package script '/home/yy/robot_ws/src/install/class_test_interfaces/share/class_test_interfaces/package.bash'
[1.424s] INFO:colcon.colcon_core.shell:Creating package script '/home/yy/robot_ws/src/install/class_test_interfaces/share/class_test_interfaces/package.zsh'
[1.425s] Level 1:colcon.colcon_core.environment:create_file_with_runtime_dependencies(/home/yy/robot_ws/src/install/class_test_interfaces/share/colcon-core/packages/class_test_interfaces)
[1.562s] Level 1:colcon.colcon_core.environment:create_environment_scripts_only(class_test_interfaces)
[1.567s] Level 1:colcon.colcon_core.environment:checking '/home/yy/robot_ws/src/install/class_test_interfaces' for CMake module files
[1.568s] Level 1:colcon.colcon_core.environment:checking '/home/yy/robot_ws/src/install/class_test_interfaces' for CMake config files
[1.569s] Level 1:colcon.colcon_core.shell:create_environment_hook('class_test_interfaces', 'cmake_prefix_path')
[1.573s] INFO:colcon.colcon_core.shell:Creating environment hook '/home/yy/robot_ws/src/install/class_test_interfaces/share/class_test_interfaces/hook/cmake_prefix_path.ps1'
[1.574s] INFO:colcon.colcon_core.shell:Creating environment descriptor '/home/yy/robot_ws/src/install/class_test_interfaces/share/class_test_interfaces/hook/cmake_prefix_path.dsv'
[1.574s] INFO:colcon.colcon_core.shell:Creating environment hook '/home/yy/robot_ws/src/install/class_test_interfaces/share/class_test_interfaces/hook/cmake_prefix_path.sh'
[1.575s] Level 1:colcon.colcon_core.environment:checking '/home/yy/robot_ws/src/install/class_test_interfaces/lib'
[1.576s] Level 1:colcon.colcon_core.shell:create_environment_hook('class_test_interfaces', 'ld_library_path_lib')
[1.579s] INFO:colcon.colcon_core.shell:Creating environment hook '/home/yy/robot_ws/src/install/class_test_interfaces/share/class_test_interfaces/hook/ld_library_path_lib.ps1'
[1.580s] INFO:colcon.colcon_core.shell:Creating environment descriptor '/home/yy/robot_ws/src/install/class_test_interfaces/share/class_test_interfaces/hook/ld_library_path_lib.dsv'
[1.580s] INFO:colcon.colcon_core.shell:Creating environment hook '/home/yy/robot_ws/src/install/class_test_interfaces/share/class_test_interfaces/hook/ld_library_path_lib.sh'
[1.581s] Level 1:colcon.colcon_core.environment:checking '/home/yy/robot_ws/src/install/class_test_interfaces/bin'
[1.581s] Level 1:colcon.colcon_core.environment:checking '/home/yy/robot_ws/src/install/class_test_interfaces/lib/pkgconfig/class_test_interfaces.pc'
[1.581s] Level 1:colcon.colcon_core.environment:checking '/home/yy/robot_ws/src/install/class_test_interfaces/lib/python3.8/site-packages'
[1.581s] Level 1:colcon.colcon_core.shell:create_environment_hook('class_test_interfaces', 'pythonpath')
[1.585s] INFO:colcon.colcon_core.shell:Creating environment hook '/home/yy/robot_ws/src/install/class_test_interfaces/share/class_test_interfaces/hook/pythonpath.ps1'
[1.586s] INFO:colcon.colcon_core.shell:Creating environment descriptor '/home/yy/robot_ws/src/install/class_test_interfaces/share/class_test_interfaces/hook/pythonpath.dsv'
[1.586s] INFO:colcon.colcon_core.shell:Creating environment hook '/home/yy/robot_ws/src/install/class_test_interfaces/share/class_test_interfaces/hook/pythonpath.sh'
[1.587s] Level 1:colcon.colcon_core.environment:checking '/home/yy/robot_ws/src/install/class_test_interfaces/bin'
[1.591s] INFO:colcon.colcon_core.shell:Creating package script '/home/yy/robot_ws/src/install/class_test_interfaces/share/class_test_interfaces/package.ps1'
[1.592s] INFO:colcon.colcon_core.shell:Creating package descriptor '/home/yy/robot_ws/src/install/class_test_interfaces/share/class_test_interfaces/package.dsv'
[1.593s] INFO:colcon.colcon_core.shell:Creating package script '/home/yy/robot_ws/src/install/class_test_interfaces/share/class_test_interfaces/package.sh'
[1.593s] INFO:colcon.colcon_core.shell:Creating package script '/home/yy/robot_ws/src/install/class_test_interfaces/share/class_test_interfaces/package.bash'
[1.594s] INFO:colcon.colcon_core.shell:Creating package script '/home/yy/robot_ws/src/install/class_test_interfaces/share/class_test_interfaces/package.zsh'
[1.595s] Level 1:colcon.colcon_core.environment:create_file_with_runtime_dependencies(/home/yy/robot_ws/src/install/class_test_interfaces/share/colcon-core/packages/class_test_interfaces)
[1.596s] DEBUG:colcon.colcon_parallel_executor.executor.parallel:closing loop
[1.596s] DEBUG:colcon.colcon_parallel_executor.executor.parallel:loop closed
[1.596s] DEBUG:colcon.colcon_parallel_executor.executor.parallel:run_until_complete finished with '0'
[1.597s] DEBUG:colcon.colcon_core.event_reactor:joining thread
[1.609s] INFO:colcon.colcon_core.plugin_system:Skipping extension 'colcon_notification.desktop_notification.terminal_notifier': Not used on non-Darwin systems
[1.610s] INFO:colcon.colcon_core.plugin_system:Skipping extension 'colcon_notification.desktop_notification.win32': Not used on non-Windows systems
[1.610s] INFO:colcon.colcon_notification.desktop_notification:Sending desktop notification using 'notify2'
[1.631s] DEBUG:colcon.colcon_core.event_reactor:joined thread
[1.635s] INFO:colcon.colcon_core.shell:Creating prefix script '/home/yy/robot_ws/src/install/local_setup.ps1'
[1.637s] INFO:colcon.colcon_core.shell:Creating prefix util module '/home/yy/robot_ws/src/install/_local_setup_util_ps1.py'
[1.638s] INFO:colcon.colcon_core.shell:Creating prefix chain script '/home/yy/robot_ws/src/install/setup.ps1'
[1.643s] INFO:colcon.colcon_core.shell:Creating prefix script '/home/yy/robot_ws/src/install/local_setup.sh'
[1.644s] INFO:colcon.colcon_core.shell:Creating prefix util module '/home/yy/robot_ws/src/install/_local_setup_util_sh.py'
[1.647s] INFO:colcon.colcon_core.shell:Creating prefix chain script '/home/yy/robot_ws/src/install/setup.sh'
[1.649s] INFO:colcon.colcon_core.shell:Creating prefix script '/home/yy/robot_ws/src/install/local_setup.bash'
[1.650s] INFO:colcon.colcon_core.shell:Creating prefix chain script '/home/yy/robot_ws/src/install/setup.bash'
[1.653s] INFO:colcon.colcon_core.shell:Creating prefix script '/home/yy/robot_ws/src/install/local_setup.zsh'
[1.654s] INFO:colcon.colcon_core.shell:Creating prefix chain script '/home/yy/robot_ws/src/install/setup.zsh'
