[0.239s] DEBUG:colcon:Command line arguments: ['/usr/bin/colcon', 'build', '--symlink-install', '--packages-select', 'class_test_interfaces']
[0.239s] DEBUG:colcon:Parsed command line arguments: Namespace(allow_overriding=[], ament_cmake_args=None, base_paths=['.'], build_base='build', catkin_cmake_args=None, catkin_skip_building_tests=False, cmake_args=None, cmake_clean_cache=False, cmake_clean_first=False, cmake_force_configure=False, cmake_target=None, cmake_target_skip_unavailable=False, continue_on_error=False, event_handlers=None, executor='parallel', ignore_user_meta=False, install_base='install', log_base=None, log_level=None, main=<bound method BuildVerb.main of <colcon_core.verb.build.BuildVerb object at 0x7f72eb34fbb0>>, merge_install=False, metas=['./colcon.meta'], packages_above=None, packages_above_and_dependencies=None, packages_above_depth=None, packages_end=None, packages_ignore=None, packages_ignore_regex=None, packages_select=['class_test_interfaces'], packages_select_build_failed=False, packages_select_by_dep=None, packages_select_regex=None, packages_select_test_failures=False, packages_skip=None, packages_skip_build_finished=False, packages_skip_by_dep=None, packages_skip_regex=None, packages_skip_test_passed=False, packages_skip_up_to=None, packages_start=None, packages_up_to=None, packages_up_to_regex=None, parallel_workers=2, paths=None, symlink_install=True, test_result_base=None, verb_extension=<colcon_core.verb.build.BuildVerb object at 0x7f72eb34fbb0>, verb_name='build', verb_parser=<colcon_defaults.argument_parser.defaults.DefaultArgumentsDecorator object at 0x7f72eb35a160>)
[0.274s] Level 1:colcon.colcon_core.package_discovery:discover_packages(colcon_meta) check parameters
[0.274s] Level 1:colcon.colcon_core.package_discovery:discover_packages(recursive) check parameters
[0.274s] Level 1:colcon.colcon_core.package_discovery:discover_packages(ignore) check parameters
[0.274s] Level 1:colcon.colcon_core.package_discovery:discover_packages(path) check parameters
[0.275s] Level 1:colcon.colcon_core.package_discovery:discover_packages(colcon_meta) discover
[0.275s] Level 1:colcon.colcon_core.package_discovery:discover_packages(recursive) discover
[0.275s] INFO:colcon.colcon_core.package_discovery:Crawling recursively for packages in '/home/yy/robot_ws/src'
[0.275s] Level 1:colcon.colcon_core.package_identification:_identify(.) by extensions ['ignore', 'ignore_ament_install']
[0.275s] Level 1:colcon.colcon_core.package_identification:_identify(.) by extension 'ignore'
[0.275s] Level 1:colcon.colcon_core.package_identification:_identify(.) by extension 'ignore_ament_install'
[0.275s] Level 1:colcon.colcon_core.package_identification:_identify(.) by extensions ['colcon_pkg']
[0.275s] Level 1:colcon.colcon_core.package_identification:_identify(.) by extension 'colcon_pkg'
[0.276s] Level 1:colcon.colcon_core.package_identification:_identify(.) by extensions ['colcon_meta']
[0.276s] Level 1:colcon.colcon_core.package_identification:_identify(.) by extension 'colcon_meta'
[0.276s] Level 1:colcon.colcon_core.package_identification:_identify(.) by extensions ['ros']
[0.276s] Level 1:colcon.colcon_core.package_identification:_identify(.) by extension 'ros'
[0.298s] Level 1:colcon.colcon_core.package_identification:_identify(.) by extensions ['cmake', 'python']
[0.298s] Level 1:colcon.colcon_core.package_identification:_identify(.) by extension 'cmake'
[0.298s] Level 1:colcon.colcon_core.package_identification:_identify(.) by extension 'python'
[0.298s] Level 1:colcon.colcon_core.package_identification:_identify(.) by extensions ['python_setup_py']
[0.298s] Level 1:colcon.colcon_core.package_identification:_identify(.) by extension 'python_setup_py'
[0.298s] Level 1:colcon.colcon_core.package_identification:_identify(build) by extensions ['ignore', 'ignore_ament_install']
[0.299s] Level 1:colcon.colcon_core.package_identification:_identify(build) by extension 'ignore'
[0.299s] Level 1:colcon.colcon_core.package_identification:_identify(build) ignored
[0.299s] Level 1:colcon.colcon_core.package_identification:_identify(class_test_interfaces) by extensions ['ignore', 'ignore_ament_install']
[0.299s] Level 1:colcon.colcon_core.package_identification:_identify(class_test_interfaces) by extension 'ignore'
[0.299s] Level 1:colcon.colcon_core.package_identification:_identify(class_test_interfaces) by extension 'ignore_ament_install'
[0.299s] Level 1:colcon.colcon_core.package_identification:_identify(class_test_interfaces) by extensions ['colcon_pkg']
[0.300s] Level 1:colcon.colcon_core.package_identification:_identify(class_test_interfaces) by extension 'colcon_pkg'
[0.300s] Level 1:colcon.colcon_core.package_identification:_identify(class_test_interfaces) by extensions ['colcon_meta']
[0.300s] Level 1:colcon.colcon_core.package_identification:_identify(class_test_interfaces) by extension 'colcon_meta'
[0.300s] Level 1:colcon.colcon_core.package_identification:_identify(class_test_interfaces) by extensions ['ros']
[0.300s] Level 1:colcon.colcon_core.package_identification:_identify(class_test_interfaces) by extension 'ros'
[0.303s] DEBUG:colcon.colcon_core.package_identification:Package 'class_test_interfaces' with type 'ros.ament_cmake' and name 'class_test_interfaces'
[0.303s] Level 1:colcon.colcon_core.package_identification:_identify(install) by extensions ['ignore', 'ignore_ament_install']
[0.303s] Level 1:colcon.colcon_core.package_identification:_identify(install) by extension 'ignore'
[0.304s] Level 1:colcon.colcon_core.package_identification:_identify(install) ignored
[0.304s] Level 1:colcon.colcon_core.package_identification:_identify(log) by extensions ['ignore', 'ignore_ament_install']
[0.304s] Level 1:colcon.colcon_core.package_identification:_identify(log) by extension 'ignore'
[0.304s] Level 1:colcon.colcon_core.package_identification:_identify(log) ignored
[0.304s] Level 1:colcon.colcon_core.package_identification:_identify(m_pubsub) by extensions ['ignore', 'ignore_ament_install']
[0.304s] Level 1:colcon.colcon_core.package_identification:_identify(m_pubsub) by extension 'ignore'
[0.304s] Level 1:colcon.colcon_core.package_identification:_identify(m_pubsub) by extension 'ignore_ament_install'
[0.305s] Level 1:colcon.colcon_core.package_identification:_identify(m_pubsub) by extensions ['colcon_pkg']
[0.305s] Level 1:colcon.colcon_core.package_identification:_identify(m_pubsub) by extension 'colcon_pkg'
[0.305s] Level 1:colcon.colcon_core.package_identification:_identify(m_pubsub) by extensions ['colcon_meta']
[0.305s] Level 1:colcon.colcon_core.package_identification:_identify(m_pubsub) by extension 'colcon_meta'
[0.305s] Level 1:colcon.colcon_core.package_identification:_identify(m_pubsub) by extensions ['ros']
[0.305s] Level 1:colcon.colcon_core.package_identification:_identify(m_pubsub) by extension 'ros'
[0.306s] DEBUG:colcon.colcon_core.package_identification:Package 'm_pubsub' with type 'ros.ament_python' and name 'm_pubsub'
[0.306s] Level 1:colcon.colcon_core.package_identification:_identify(move_turtle_pkg) by extensions ['ignore', 'ignore_ament_install']
[0.306s] Level 1:colcon.colcon_core.package_identification:_identify(move_turtle_pkg) by extension 'ignore'
[0.306s] Level 1:colcon.colcon_core.package_identification:_identify(move_turtle_pkg) by extension 'ignore_ament_install'
[0.306s] Level 1:colcon.colcon_core.package_identification:_identify(move_turtle_pkg) by extensions ['colcon_pkg']
[0.306s] Level 1:colcon.colcon_core.package_identification:_identify(move_turtle_pkg) by extension 'colcon_pkg'
[0.306s] Level 1:colcon.colcon_core.package_identification:_identify(move_turtle_pkg) by extensions ['colcon_meta']
[0.307s] Level 1:colcon.colcon_core.package_identification:_identify(move_turtle_pkg) by extension 'colcon_meta'
[0.307s] Level 1:colcon.colcon_core.package_identification:_identify(move_turtle_pkg) by extensions ['ros']
[0.307s] Level 1:colcon.colcon_core.package_identification:_identify(move_turtle_pkg) by extension 'ros'
[0.307s] DEBUG:colcon.colcon_core.package_identification:Package 'move_turtle_pkg' with type 'ros.ament_python' and name 'move_turtle_pkg'
[0.308s] Level 1:colcon.colcon_core.package_identification:_identify(test_num) by extensions ['ignore', 'ignore_ament_install']
[0.308s] Level 1:colcon.colcon_core.package_identification:_identify(test_num) by extension 'ignore'
[0.308s] Level 1:colcon.colcon_core.package_identification:_identify(test_num) by extension 'ignore_ament_install'
[0.308s] Level 1:colcon.colcon_core.package_identification:_identify(test_num) by extensions ['colcon_pkg']
[0.308s] Level 1:colcon.colcon_core.package_identification:_identify(test_num) by extension 'colcon_pkg'
[0.308s] Level 1:colcon.colcon_core.package_identification:_identify(test_num) by extensions ['colcon_meta']
[0.308s] Level 1:colcon.colcon_core.package_identification:_identify(test_num) by extension 'colcon_meta'
[0.308s] Level 1:colcon.colcon_core.package_identification:_identify(test_num) by extensions ['ros']
[0.308s] Level 1:colcon.colcon_core.package_identification:_identify(test_num) by extension 'ros'
[0.309s] DEBUG:colcon.colcon_core.package_identification:Package 'test_num' with type 'ros.ament_python' and name 'test_num'
[0.309s] Level 1:colcon.colcon_core.package_discovery:discover_packages(recursive) using defaults
[0.309s] Level 1:colcon.colcon_core.package_discovery:discover_packages(ignore) discover
[0.309s] Level 1:colcon.colcon_core.package_discovery:discover_packages(ignore) using defaults
[0.309s] Level 1:colcon.colcon_core.package_discovery:discover_packages(path) discover
[0.309s] Level 1:colcon.colcon_core.package_discovery:discover_packages(path) using defaults
[0.341s] INFO:colcon.colcon_core.package_selection:Skipping not selected package 'm_pubsub' in 'm_pubsub'
[0.341s] INFO:colcon.colcon_core.package_selection:Skipping not selected package 'move_turtle_pkg' in 'move_turtle_pkg'
[0.341s] INFO:colcon.colcon_core.package_selection:Skipping not selected package 'test_num' in 'test_num'
[0.342s] Level 1:colcon.colcon_core.package_discovery:discover_packages(prefix_path) check parameters
[0.342s] Level 1:colcon.colcon_core.package_discovery:discover_packages(prefix_path) discover
[0.347s] DEBUG:colcon.colcon_installed_package_information.package_discovery:Found 4 installed packages in /home/yy/robot_ws/install
[0.350s] DEBUG:colcon.colcon_installed_package_information.package_discovery:Found 258 installed packages in /opt/ros/foxy
[0.352s] Level 1:colcon.colcon_core.package_discovery:discover_packages(prefix_path) using defaults
[0.444s] Level 5:colcon.colcon_core.verb:set package 'class_test_interfaces' build argument 'cmake_args' from command line to 'None'
[0.445s] Level 5:colcon.colcon_core.verb:set package 'class_test_interfaces' build argument 'cmake_target' from command line to 'None'
[0.445s] Level 5:colcon.colcon_core.verb:set package 'class_test_interfaces' build argument 'cmake_target_skip_unavailable' from command line to 'False'
[0.445s] Level 5:colcon.colcon_core.verb:set package 'class_test_interfaces' build argument 'cmake_clean_cache' from command line to 'False'
[0.445s] Level 5:colcon.colcon_core.verb:set package 'class_test_interfaces' build argument 'cmake_clean_first' from command line to 'False'
[0.445s] Level 5:colcon.colcon_core.verb:set package 'class_test_interfaces' build argument 'cmake_force_configure' from command line to 'False'
[0.445s] Level 5:colcon.colcon_core.verb:set package 'class_test_interfaces' build argument 'ament_cmake_args' from command line to 'None'
[0.445s] Level 5:colcon.colcon_core.verb:set package 'class_test_interfaces' build argument 'catkin_cmake_args' from command line to 'None'
[0.445s] Level 5:colcon.colcon_core.verb:set package 'class_test_interfaces' build argument 'catkin_skip_building_tests' from command line to 'False'
[0.445s] DEBUG:colcon.colcon_core.verb:Building package 'class_test_interfaces' with the following arguments: {'ament_cmake_args': None, 'build_base': '/home/yy/robot_ws/src/build/class_test_interfaces', 'catkin_cmake_args': None, 'catkin_skip_building_tests': False, 'cmake_args': None, 'cmake_clean_cache': False, 'cmake_clean_first': False, 'cmake_force_configure': False, 'cmake_target': None, 'cmake_target_skip_unavailable': False, 'install_base': '/home/yy/robot_ws/src/install/class_test_interfaces', 'merge_install': False, 'path': '/home/yy/robot_ws/src/class_test_interfaces', 'symlink_install': True, 'test_result_base': None}
[0.447s] INFO:colcon.colcon_core.executor:Executing jobs using 'parallel' executor
[0.458s] DEBUG:colcon.colcon_parallel_executor.executor.parallel:run_until_complete
[0.458s] INFO:colcon.colcon_ros.task.ament_cmake.build:Building ROS package in '/home/yy/robot_ws/src/class_test_interfaces' with build type 'ament_cmake'
[0.458s] INFO:colcon.colcon_cmake.task.cmake.build:Building CMake package in '/home/yy/robot_ws/src/class_test_interfaces'
[0.467s] INFO:colcon.colcon_core.plugin_system:Skipping extension 'colcon_core.shell.bat': Not used on non-Windows systems
[0.468s] INFO:colcon.colcon_core.shell:Skip shell extension 'powershell' for command environment: Not usable outside of PowerShell
[0.468s] DEBUG:colcon.colcon_core.shell:Skip shell extension 'dsv' for command environment
[0.488s] DEBUG:colcon.colcon_core.event_handler.log_command:Invoking command in '/home/yy/robot_ws/src/build/class_test_interfaces': CMAKE_PREFIX_PATH=${CMAKE_PREFIX_PATH}:/home/yy/robot_ws/install/test_num:/home/yy/robot_ws/install/move_turtle_pkg:/home/yy/robot_ws/install/m_pubsub:/opt/ros/foxy /usr/bin/cmake /home/yy/robot_ws/src/class_test_interfaces -DAMENT_CMAKE_SYMLINK_INSTALL=1 -DCMAKE_INSTALL_PREFIX=/home/yy/robot_ws/src/install/class_test_interfaces
[2.164s] DEBUG:colcon.colcon_core.event_handler.log_command:Invoked command in '/home/yy/robot_ws/src/build/class_test_interfaces' returned '0': CMAKE_PREFIX_PATH=${CMAKE_PREFIX_PATH}:/home/yy/robot_ws/install/test_num:/home/yy/robot_ws/install/move_turtle_pkg:/home/yy/robot_ws/install/m_pubsub:/opt/ros/foxy /usr/bin/cmake /home/yy/robot_ws/src/class_test_interfaces -DAMENT_CMAKE_SYMLINK_INSTALL=1 -DCMAKE_INSTALL_PREFIX=/home/yy/robot_ws/src/install/class_test_interfaces
[2.166s] DEBUG:colcon.colcon_core.event_handler.log_command:Invoking command in '/home/yy/robot_ws/src/build/class_test_interfaces': CMAKE_PREFIX_PATH=${CMAKE_PREFIX_PATH}:/home/yy/robot_ws/install/test_num:/home/yy/robot_ws/install/move_turtle_pkg:/home/yy/robot_ws/install/m_pubsub:/opt/ros/foxy /usr/bin/cmake --build /home/yy/robot_ws/src/build/class_test_interfaces -- -j2 -l2
[19.826s] DEBUG:colcon.colcon_core.event_handler.log_command:Invoked command in '/home/yy/robot_ws/src/build/class_test_interfaces' returned '0': CMAKE_PREFIX_PATH=${CMAKE_PREFIX_PATH}:/home/yy/robot_ws/install/test_num:/home/yy/robot_ws/install/move_turtle_pkg:/home/yy/robot_ws/install/m_pubsub:/opt/ros/foxy /usr/bin/cmake --build /home/yy/robot_ws/src/build/class_test_interfaces -- -j2 -l2
[19.975s] DEBUG:colcon.colcon_core.event_handler.log_command:Invoking command in '/home/yy/robot_ws/src/build/class_test_interfaces': CMAKE_PREFIX_PATH=${CMAKE_PREFIX_PATH}:/home/yy/robot_ws/install/test_num:/home/yy/robot_ws/install/move_turtle_pkg:/home/yy/robot_ws/install/m_pubsub:/opt/ros/foxy /usr/bin/cmake --install /home/yy/robot_ws/src/build/class_test_interfaces
[21.303s] Level 1:colcon.colcon_core.environment:create_environment_scripts_only(class_test_interfaces)
[21.308s] DEBUG:colcon.colcon_core.event_handler.log_command:Invoked command in '/home/yy/robot_ws/src/build/class_test_interfaces' returned '0': CMAKE_PREFIX_PATH=${CMAKE_PREFIX_PATH}:/home/yy/robot_ws/install/test_num:/home/yy/robot_ws/install/move_turtle_pkg:/home/yy/robot_ws/install/m_pubsub:/opt/ros/foxy /usr/bin/cmake --install /home/yy/robot_ws/src/build/class_test_interfaces
[21.315s] Level 1:colcon.colcon_core.environment:checking '/home/yy/robot_ws/src/install/class_test_interfaces' for CMake module files
[21.316s] Level 1:colcon.colcon_core.environment:checking '/home/yy/robot_ws/src/install/class_test_interfaces' for CMake config files
[21.317s] Level 1:colcon.colcon_core.shell:create_environment_hook('class_test_interfaces', 'cmake_prefix_path')
[21.322s] INFO:colcon.colcon_core.shell:Creating environment hook '/home/yy/robot_ws/src/install/class_test_interfaces/share/class_test_interfaces/hook/cmake_prefix_path.ps1'
[21.323s] INFO:colcon.colcon_core.shell:Creating environment descriptor '/home/yy/robot_ws/src/install/class_test_interfaces/share/class_test_interfaces/hook/cmake_prefix_path.dsv'
[21.323s] INFO:colcon.colcon_core.shell:Creating environment hook '/home/yy/robot_ws/src/install/class_test_interfaces/share/class_test_interfaces/hook/cmake_prefix_path.sh'
[21.324s] Level 1:colcon.colcon_core.environment:checking '/home/yy/robot_ws/src/install/class_test_interfaces/lib'
[21.325s] Level 1:colcon.colcon_core.shell:create_environment_hook('class_test_interfaces', 'ld_library_path_lib')
[21.328s] INFO:colcon.colcon_core.shell:Creating environment hook '/home/yy/robot_ws/src/install/class_test_interfaces/share/class_test_interfaces/hook/ld_library_path_lib.ps1'
[21.329s] INFO:colcon.colcon_core.shell:Creating environment descriptor '/home/yy/robot_ws/src/install/class_test_interfaces/share/class_test_interfaces/hook/ld_library_path_lib.dsv'
[21.329s] INFO:colcon.colcon_core.shell:Creating environment hook '/home/yy/robot_ws/src/install/class_test_interfaces/share/class_test_interfaces/hook/ld_library_path_lib.sh'
[21.330s] Level 1:colcon.colcon_core.environment:checking '/home/yy/robot_ws/src/install/class_test_interfaces/bin'
[21.330s] Level 1:colcon.colcon_core.environment:checking '/home/yy/robot_ws/src/install/class_test_interfaces/lib/pkgconfig/class_test_interfaces.pc'
[21.330s] Level 1:colcon.colcon_core.environment:checking '/home/yy/robot_ws/src/install/class_test_interfaces/lib/python3.8/site-packages'
[21.330s] Level 1:colcon.colcon_core.shell:create_environment_hook('class_test_interfaces', 'pythonpath')
[21.334s] INFO:colcon.colcon_core.shell:Creating environment hook '/home/yy/robot_ws/src/install/class_test_interfaces/share/class_test_interfaces/hook/pythonpath.ps1'
[21.335s] INFO:colcon.colcon_core.shell:Creating environment descriptor '/home/yy/robot_ws/src/install/class_test_interfaces/share/class_test_interfaces/hook/pythonpath.dsv'
[21.335s] INFO:colcon.colcon_core.shell:Creating environment hook '/home/yy/robot_ws/src/install/class_test_interfaces/share/class_test_interfaces/hook/pythonpath.sh'
[21.336s] Level 1:colcon.colcon_core.environment:checking '/home/yy/robot_ws/src/install/class_test_interfaces/bin'
[21.339s] INFO:colcon.colcon_core.shell:Creating package script '/home/yy/robot_ws/src/install/class_test_interfaces/share/class_test_interfaces/package.ps1'
[21.341s] INFO:colcon.colcon_core.shell:Creating package descriptor '/home/yy/robot_ws/src/install/class_test_interfaces/share/class_test_interfaces/package.dsv'
[21.341s] INFO:colcon.colcon_core.shell:Creating package script '/home/yy/robot_ws/src/install/class_test_interfaces/share/class_test_interfaces/package.sh'
[21.343s] INFO:colcon.colcon_core.shell:Creating package script '/home/yy/robot_ws/src/install/class_test_interfaces/share/class_test_interfaces/package.bash'
[21.344s] INFO:colcon.colcon_core.shell:Creating package script '/home/yy/robot_ws/src/install/class_test_interfaces/share/class_test_interfaces/package.zsh'
[21.344s] Level 1:colcon.colcon_core.environment:create_file_with_runtime_dependencies(/home/yy/robot_ws/src/install/class_test_interfaces/share/colcon-core/packages/class_test_interfaces)
[21.493s] Level 1:colcon.colcon_core.environment:create_environment_scripts_only(class_test_interfaces)
[21.499s] Level 1:colcon.colcon_core.environment:checking '/home/yy/robot_ws/src/install/class_test_interfaces' for CMake module files
[21.500s] Level 1:colcon.colcon_core.environment:checking '/home/yy/robot_ws/src/install/class_test_interfaces' for CMake config files
[21.500s] Level 1:colcon.colcon_core.shell:create_environment_hook('class_test_interfaces', 'cmake_prefix_path')
[21.504s] INFO:colcon.colcon_core.shell:Creating environment hook '/home/yy/robot_ws/src/install/class_test_interfaces/share/class_test_interfaces/hook/cmake_prefix_path.ps1'
[21.505s] INFO:colcon.colcon_core.shell:Creating environment descriptor '/home/yy/robot_ws/src/install/class_test_interfaces/share/class_test_interfaces/hook/cmake_prefix_path.dsv'
[21.506s] INFO:colcon.colcon_core.shell:Creating environment hook '/home/yy/robot_ws/src/install/class_test_interfaces/share/class_test_interfaces/hook/cmake_prefix_path.sh'
[21.507s] Level 1:colcon.colcon_core.environment:checking '/home/yy/robot_ws/src/install/class_test_interfaces/lib'
[21.507s] Level 1:colcon.colcon_core.shell:create_environment_hook('class_test_interfaces', 'ld_library_path_lib')
[21.511s] INFO:colcon.colcon_core.shell:Creating environment hook '/home/yy/robot_ws/src/install/class_test_interfaces/share/class_test_interfaces/hook/ld_library_path_lib.ps1'
[21.511s] INFO:colcon.colcon_core.shell:Creating environment descriptor '/home/yy/robot_ws/src/install/class_test_interfaces/share/class_test_interfaces/hook/ld_library_path_lib.dsv'
[21.512s] INFO:colcon.colcon_core.shell:Creating environment hook '/home/yy/robot_ws/src/install/class_test_interfaces/share/class_test_interfaces/hook/ld_library_path_lib.sh'
[21.512s] Level 1:colcon.colcon_core.environment:checking '/home/yy/robot_ws/src/install/class_test_interfaces/bin'
[21.512s] Level 1:colcon.colcon_core.environment:checking '/home/yy/robot_ws/src/install/class_test_interfaces/lib/pkgconfig/class_test_interfaces.pc'
[21.513s] Level 1:colcon.colcon_core.environment:checking '/home/yy/robot_ws/src/install/class_test_interfaces/lib/python3.8/site-packages'
[21.513s] Level 1:colcon.colcon_core.shell:create_environment_hook('class_test_interfaces', 'pythonpath')
[21.516s] INFO:colcon.colcon_core.shell:Creating environment hook '/home/yy/robot_ws/src/install/class_test_interfaces/share/class_test_interfaces/hook/pythonpath.ps1'
[21.517s] INFO:colcon.colcon_core.shell:Creating environment descriptor '/home/yy/robot_ws/src/install/class_test_interfaces/share/class_test_interfaces/hook/pythonpath.dsv'
[21.518s] INFO:colcon.colcon_core.shell:Creating environment hook '/home/yy/robot_ws/src/install/class_test_interfaces/share/class_test_interfaces/hook/pythonpath.sh'
[21.519s] Level 1:colcon.colcon_core.environment:checking '/home/yy/robot_ws/src/install/class_test_interfaces/bin'
[21.523s] INFO:colcon.colcon_core.shell:Creating package script '/home/yy/robot_ws/src/install/class_test_interfaces/share/class_test_interfaces/package.ps1'
[21.524s] INFO:colcon.colcon_core.shell:Creating package descriptor '/home/yy/robot_ws/src/install/class_test_interfaces/share/class_test_interfaces/package.dsv'
[21.525s] INFO:colcon.colcon_core.shell:Creating package script '/home/yy/robot_ws/src/install/class_test_interfaces/share/class_test_interfaces/package.sh'
[21.526s] INFO:colcon.colcon_core.shell:Creating package script '/home/yy/robot_ws/src/install/class_test_interfaces/share/class_test_interfaces/package.bash'
[21.527s] INFO:colcon.colcon_core.shell:Creating package script '/home/yy/robot_ws/src/install/class_test_interfaces/share/class_test_interfaces/package.zsh'
[21.527s] Level 1:colcon.colcon_core.environment:create_file_with_runtime_dependencies(/home/yy/robot_ws/src/install/class_test_interfaces/share/colcon-core/packages/class_test_interfaces)
[21.528s] DEBUG:colcon.colcon_parallel_executor.executor.parallel:closing loop
[21.529s] DEBUG:colcon.colcon_parallel_executor.executor.parallel:loop closed
[21.529s] DEBUG:colcon.colcon_parallel_executor.executor.parallel:run_until_complete finished with '0'
[21.530s] DEBUG:colcon.colcon_core.event_reactor:joining thread
[21.548s] INFO:colcon.colcon_core.plugin_system:Skipping extension 'colcon_notification.desktop_notification.terminal_notifier': Not used on non-Darwin systems
[21.548s] INFO:colcon.colcon_core.plugin_system:Skipping extension 'colcon_notification.desktop_notification.win32': Not used on non-Windows systems
[21.548s] INFO:colcon.colcon_notification.desktop_notification:Sending desktop notification using 'notify2'
[21.575s] DEBUG:colcon.colcon_core.event_reactor:joined thread
[21.579s] INFO:colcon.colcon_core.shell:Creating prefix script '/home/yy/robot_ws/src/install/local_setup.ps1'
[21.580s] INFO:colcon.colcon_core.shell:Creating prefix util module '/home/yy/robot_ws/src/install/_local_setup_util_ps1.py'
[21.581s] INFO:colcon.colcon_core.shell:Creating prefix chain script '/home/yy/robot_ws/src/install/setup.ps1'
[21.588s] INFO:colcon.colcon_core.shell:Creating prefix script '/home/yy/robot_ws/src/install/local_setup.sh'
[21.589s] INFO:colcon.colcon_core.shell:Creating prefix util module '/home/yy/robot_ws/src/install/_local_setup_util_sh.py'
[21.589s] INFO:colcon.colcon_core.shell:Creating prefix chain script '/home/yy/robot_ws/src/install/setup.sh'
[21.592s] INFO:colcon.colcon_core.shell:Creating prefix script '/home/yy/robot_ws/src/install/local_setup.bash'
[21.592s] INFO:colcon.colcon_core.shell:Creating prefix chain script '/home/yy/robot_ws/src/install/setup.bash'
[21.596s] INFO:colcon.colcon_core.shell:Creating prefix script '/home/yy/robot_ws/src/install/local_setup.zsh'
[21.596s] INFO:colcon.colcon_core.shell:Creating prefix chain script '/home/yy/robot_ws/src/install/setup.zsh'
